<?xml version="1.0" encoding="UTF-8"?>
<!-- Generated by org.testng.reporters.JUnitReportReporter -->
<testsuite hostname="N-184" failures="0" tests="3" name="test.BusquedaTest" time="41.804" errors="0" timestamp="2020-03-26T17:49:41 ART" skipped="0">
  <testcase classname="test.BusquedaTest" name="auteticacionErronea" time="17.184"/>
  <testcase classname="test.BusquedaTest" name="searchWithResult" time="12.234"/>
  <testcase classname="test.BusquedaTest" name="searchWithNoResult" time="12.386"/>
</testsuite> <!-- test.BusquedaTest -->
