<?xml version="1.0" encoding="UTF-8"?>
<!-- Generated by org.testng.reporters.JUnitReportReporter -->
<testsuite hostname="N-184" failures="0" tests="3" name="test.SeleccionTest" time="59.851" errors="0" timestamp="2020-03-26T17:49:41 ART" skipped="0">
  <testcase classname="test.SeleccionTest" name="seleccionWomen" time="25.652"/>
  <testcase classname="test.SeleccionTest" name="seleccionDropdowns" time="13.862"/>
  <testcase classname="test.SeleccionTest" name="seleccionDresses" time="20.337"/>
</testsuite> <!-- test.SeleccionTest -->
